Using pre-set license
Built from '2020.3/staging' branch; Version is '2020.3.30f1 (1fb1bf06830e) revision 2077119'; Using compiler version '192528614'; Build Type 'Release'
OS: 'Windows 10  (10.0.19043) 64bit Core' Language: 'it' Physical Memory: 3974 MB
BatchMode: 1, IsHumanControllingUs: 0, StartBugReporterOnCrash: 0, Is64bit: 1, IsPro: 0

COMMAND LINE ARGUMENTS:
C:\Program Files\Unity\Hub\Editor\2020.3.30f1\Editor\Unity.exe
-adb2
-batchMode
-noUpm
-name
AssetImportWorker1
-projectPath
C:/Users/39388/OneDrive/Desktop/progettofinale/Car_simulator
-logFile
Logs/AssetImportWorker1.log
-srvPort
64342
Successfully changed project path to: C:/Users/39388/OneDrive/Desktop/progettofinale/Car_simulator
C:/Users/39388/OneDrive/Desktop/progettofinale/Car_simulator
Using Asset Import Pipeline V2.
Refreshing native plugins compatible for Editor in 926.78 ms, found 6 plugins.
Preloading 0 native plugins for Editor in 0.00 ms.
Initialize engine version: 2020.3.30f1 (1fb1bf06830e)
[Subsystems] Discovering subsystems at path C:/Program Files/Unity/Hub/Editor/2020.3.30f1/Editor/Data/Resources/UnitySubsystems
[Subsystems] Discovering subsystems at path C:/Users/39388/OneDrive/Desktop/progettofinale/Car_simulator/Assets
GfxDevice: creating device client; threaded=0
Direct3D:
    Version:  Direct3D 11.0 [level 11.1]
    Renderer: Intel(R) HD Graphics 610 (ID=0x5906)
    Vendor:   
    VRAM:     1987 MB
    Driver:   26.20.100.7372
Initialize mono
Mono path[0] = 'C:/Program Files/Unity/Hub/Editor/2020.3.30f1/Editor/Data/Managed'
Mono path[1] = 'C:/Program Files/Unity/Hub/Editor/2020.3.30f1/Editor/Data/MonoBleedingEdge/lib/mono/unityjit'
Mono config path = 'C:/Program Files/Unity/Hub/Editor/2020.3.30f1/Editor/Data/MonoBleedingEdge/etc'
Using monoOptions --debugger-agent=transport=dt_socket,embedding=1,server=y,suspend=n,address=127.0.0.1:56972
Begin MonoManager ReloadAssembly
Registering precompiled unity dll's ...
Register platform support module: C:/Program Files/Unity/Hub/Editor/2020.3.30f1/Editor/Data/PlaybackEngines/WindowsStandaloneSupport/UnityEditor.WindowsStandalone.Extensions.dll
Registered in 0.007932 seconds.
Native extension for WindowsStandalone target not found
Refreshing native plugins compatible for Editor in 423.96 ms, found 6 plugins.
Preloading 0 native plugins for Editor in 0.00 ms.
Mono: successfully reloaded assembly
- Completed reload, in  3.033 seconds
Domain Reload Profiling:
	ReloadAssembly (3034ms)
		BeginReloadAssembly (294ms)
			ExecutionOrderSort (0ms)
			DisableScriptedObjects (0ms)
			BackupInstance (0ms)
			ReleaseScriptingObjects (0ms)
			CreateAndSetChildDomain (5ms)
		EndReloadAssembly (2480ms)
			LoadAssemblies (284ms)
			RebuildTransferFunctionScriptingTraits (2ms)
			SetupTypeCache (579ms)
			ReleaseScriptCaches (0ms)
			RebuildScriptCaches (99ms)
			SetupLoadedEditorAssemblies (1055ms)
				LogAssemblyErrors (0ms)
				InitializePlatformSupportModulesInManaged (24ms)
				SetLoadedEditorAssemblies (0ms)
				RefreshPlugins (424ms)
				BeforeProcessingInitializeOnLoad (53ms)
				ProcessInitializeOnLoadAttributes (445ms)
				ProcessInitializeOnLoadMethodAttributes (108ms)
				AfterProcessingInitializeOnLoad (0ms)
				EditorAssembliesLoaded (1ms)
			ExecutionOrderSort2 (0ms)
			AwakeInstancesAfterBackupRestoration (0ms)
Platform modules already initialized, skipping
Registering precompiled user dll's ...
Registered in 0.143748 seconds.
Begin MonoManager ReloadAssembly
Error: Could not load signature of iOSNotificationPostProcessor:ShouldAddSettingToPlist due to: Could not load file or assembly 'UnityEditor.iOS.Extensions.Xcode, Version=1.0.0.0, Culture=neutral, PublicKeyToken=null' or one of its dependencies. assembly:UnityEditor.iOS.Extensions.Xcode, Version=1.0.0.0, Culture=neutral, PublicKeyToken=null type:<unknown type> member:(null) signature:<none>
Unloading broken assembly Library/ScriptAssemblies/Unity.Notifications.dll, this assembly can cause crashes in the runtime
Native extension for WindowsStandalone target not found
Refreshing native plugins compatible for Editor in 307.98 ms, found 6 plugins.
Preloading 0 native plugins for Editor in 0.00 ms.
Mono: successfully reloaded assembly
- Completed reload, in  8.095 seconds
Domain Reload Profiling:
	ReloadAssembly (8099ms)
		BeginReloadAssembly (677ms)
			ExecutionOrderSort (0ms)
			DisableScriptedObjects (13ms)
			BackupInstance (0ms)
			ReleaseScriptingObjects (0ms)
			CreateAndSetChildDomain (59ms)
		EndReloadAssembly (7134ms)
			LoadAssemblies (712ms)
			RebuildTransferFunctionScriptingTraits (0ms)
			SetupTypeCache (1879ms)
			ReleaseScriptCaches (2ms)
			RebuildScriptCaches (306ms)
			SetupLoadedEditorAssemblies (3371ms)
				LogAssemblyErrors (1ms)
				InitializePlatformSupportModulesInManaged (10ms)
				SetLoadedEditorAssemblies (0ms)
				RefreshPlugins (308ms)
				BeforeProcessingInitializeOnLoad (300ms)
				ProcessInitializeOnLoadAttributes (2375ms)
				ProcessInitializeOnLoadMethodAttributes (357ms)
				AfterProcessingInitializeOnLoad (20ms)
				EditorAssembliesLoaded (1ms)
			ExecutionOrderSort2 (0ms)
			AwakeInstancesAfterBackupRestoration (25ms)
Platform modules already initialized, skipping
========================================================================
Worker process is ready to serve import requests
Launched and connected shader compiler UnityShaderCompiler.exe after 0.30 seconds
Refreshing native plugins compatible for Editor in 5.33 ms, found 6 plugins.
Preloading 0 native plugins for Editor in 0.00 ms.
Unloading 3088 Unused Serialized files (Serialized files now loaded: 0)
System memory in use before: 177.5 MB.
System memory in use after: 176.6 MB.

Unloading 117 unused Assets to reduce memory usage. Loaded Objects now: 3473.
Total: 32.681400 ms (FindLiveObjects: 1.042300 ms CreateObjectMapping: 0.323900 ms MarkObjects: 28.926600 ms  DeleteObjects: 2.385000 ms)

AssetImportParameters requested are different than current active one (requested -> active):
  custom:framework-win-MediaFoundation: 216162199b28c13a410421893ffa2e32 -> 
  custom:video-decoder-ogg-theora: a1e56fd34408186e4bbccfd4996cb3dc -> 
  custom:container-muxer-webm: aa71ff27fc2769a1b78a27578f13a17b -> 
  custom:container-demuxer-webm: 4f35f7cbe854078d1ac9338744f61a02 -> 
  custom:container-demuxer-ogg: 62fdf1f143b41e24485cea50d1cbac27 -> 
  custom:video-encoder-webm-vp8: eb34c28f22e8b96e1ab97ce403110664 -> 
  custom:video-decoder-webm-vp8: 9c59270c3fd7afecdb556c50c9e8de78 -> 
  custom:audio-decoder-ogg-vorbis: bf7c407c2cedff20999df2af8eb42d56 -> 
  custom:audio-encoder-webm-vorbis: bf7c407c2cedff20999df2af8eb42d56 -> 
========================================================================
Received Import Request.
  path: Assets/RCK 2.3/Sounds/Idle2.WAV
  artifactKey: Guid(f89e913f2255e1f479ac9e3041026578) Importer(815301076,1909f56bfc062723c751e8b465ee728b)
Start importing Assets/RCK 2.3/Sounds/Idle2.WAV using Guid(f89e913f2255e1f479ac9e3041026578) Importer(815301076,1909f56bfc062723c751e8b465ee728b)  -> (artifact id: '419ceafcf1d26645f43657d066eae888') in 1.455140 seconds 
========================================================================
Received Import Request.
  Time since last request: 0.000960 seconds.
  path: Assets/RCK 2.3/Sounds/Brake3(Grass).wav
  artifactKey: Guid(bbd739e4fd623f44b93fbbc0576a9297) Importer(815301076,1909f56bfc062723c751e8b465ee728b)
Start importing Assets/RCK 2.3/Sounds/Brake3(Grass).wav using Guid(bbd739e4fd623f44b93fbbc0576a9297) Importer(815301076,1909f56bfc062723c751e8b465ee728b)  -> (artifact id: '4a432b4fea10c553f83439b111af0e1c') in 0.103392 seconds 
========================================================================
Received Import Request.
  Time since last request: 0.000433 seconds.
  path: Assets/RCK 2.3/Sounds/LowCrash.wav
  artifactKey: Guid(7c3d413a191d30a419a22bb34a7d14b1) Importer(815301076,1909f56bfc062723c751e8b465ee728b)
Start importing Assets/RCK 2.3/Sounds/LowCrash.wav using Guid(7c3d413a191d30a419a22bb34a7d14b1) Importer(815301076,1909f56bfc062723c751e8b465ee728b)  -> (artifact id: '9be1e638afc7762a7d2719fb20f7d22a') in 0.140156 seconds 
========================================================================
Received Import Request.
  Time since last request: 0.031195 seconds.
  path: Assets/RCK 2.3/Sounds/NewSounds/Car/High.wav
  artifactKey: Guid(a7763bd04aa8f404291c8bcb1cf328f9) Importer(815301076,1909f56bfc062723c751e8b465ee728b)
Start importing Assets/RCK 2.3/Sounds/NewSounds/Car/High.wav using Guid(a7763bd04aa8f404291c8bcb1cf328f9) Importer(815301076,1909f56bfc062723c751e8b465ee728b)  -> (artifact id: '795769b7f6b78b1a735ff3ea2280e3f5') in 0.075860 seconds 
========================================================================
Received Import Request.
  Time since last request: 0.000358 seconds.
  path: Assets/RCK 2.3/Sounds/Brake2.wav
  artifactKey: Guid(334cc9dcd313b2f48bda705e3eefc2df) Importer(815301076,1909f56bfc062723c751e8b465ee728b)
Start importing Assets/RCK 2.3/Sounds/Brake2.wav using Guid(334cc9dcd313b2f48bda705e3eefc2df) Importer(815301076,1909f56bfc062723c751e8b465ee728b)  -> (artifact id: 'b154a8d21507b129cb47eb6c1e79168e') in 0.072837 seconds 
========================================================================
Received Import Request.
  Time since last request: 0.000395 seconds.
  path: Assets/RCK 2.3/Sounds/NewSounds/Car/Low.wav
  artifactKey: Guid(e86212221b27f3440a17189edce1e9fd) Importer(815301076,1909f56bfc062723c751e8b465ee728b)
Start importing Assets/RCK 2.3/Sounds/NewSounds/Car/Low.wav using Guid(e86212221b27f3440a17189edce1e9fd) Importer(815301076,1909f56bfc062723c751e8b465ee728b)  -> (artifact id: 'ac5a29a6e8319e4c66e151a7c473daa1') in 0.150138 seconds 
========================================================================
Received Import Request.
  Time since last request: 0.000397 seconds.
  path: Assets/RCK 2.3/Sounds/Brake1.wav
  artifactKey: Guid(7afc546e5cc350d48bd7833a1e15f56e) Importer(815301076,1909f56bfc062723c751e8b465ee728b)
Start importing Assets/RCK 2.3/Sounds/Brake1.wav using Guid(7afc546e5cc350d48bd7833a1e15f56e) Importer(815301076,1909f56bfc062723c751e8b465ee728b)  -> (artifact id: 'ceaf32391c30a32d0fff58511da5ccaa') in 0.130537 seconds 
========================================================================
Received Import Request.
  Time since last request: 0.000601 seconds.
  path: Assets/RCK 2.3/Sounds/police/P1.wav
  artifactKey: Guid(2e44220b236af5f4d9a9f0834c279192) Importer(815301076,1909f56bfc062723c751e8b465ee728b)
Start importing Assets/RCK 2.3/Sounds/police/P1.wav using Guid(2e44220b236af5f4d9a9f0834c279192) Importer(815301076,1909f56bfc062723c751e8b465ee728b)  -> (artifact id: 'e139b5b20bd4b43fd4acad369b93aff7') in 0.089386 seconds 
========================================================================
Received Import Request.
  Time since last request: 0.000447 seconds.
  path: Assets/RCK 2.3/Sounds/Nitro.wav
  artifactKey: Guid(68caef9d3912e7549abbbe67a7934307) Importer(815301076,1909f56bfc062723c751e8b465ee728b)
Start importing Assets/RCK 2.3/Sounds/Nitro.wav using Guid(68caef9d3912e7549abbbe67a7934307) Importer(815301076,1909f56bfc062723c751e8b465ee728b)  -> (artifact id: '8fc72406a76563576d3f9949c0019275') in 0.092077 seconds 
========================================================================
Received Import Request.
  Time since last request: 0.003687 seconds.
  path: Assets/RCK 2.3/Sounds/Brake4(Grass).wav
  artifactKey: Guid(48557c3f3613c2e4babd9ef286d0b659) Importer(815301076,1909f56bfc062723c751e8b465ee728b)
Start importing Assets/RCK 2.3/Sounds/Brake4(Grass).wav using Guid(48557c3f3613c2e4babd9ef286d0b659) Importer(815301076,1909f56bfc062723c751e8b465ee728b)  -> (artifact id: '4516dd6384a8ae6c7a1a04fc0c9b7cc9') in 0.060788 seconds 
========================================================================
Received Import Request.
  Time since last request: 0.000456 seconds.
  path: Assets/RCK 2.3/Sounds/Idle1.wav
  artifactKey: Guid(3f31ccf9c7fd0da459c17c22982cc5a9) Importer(815301076,1909f56bfc062723c751e8b465ee728b)
Start importing Assets/RCK 2.3/Sounds/Idle1.wav using Guid(3f31ccf9c7fd0da459c17c22982cc5a9) Importer(815301076,1909f56bfc062723c751e8b465ee728b)  -> (artifact id: 'e44a2ded58a02e935673bf7c5d35444a') in 0.052215 seconds 
========================================================================
Received Import Request.
  Time since last request: 0.000380 seconds.
  path: Assets/RCK 2.3/Sounds/police/P2.wav
  artifactKey: Guid(d1f6e459b159cd44f8be12f5e5ee359e) Importer(815301076,1909f56bfc062723c751e8b465ee728b)
Start importing Assets/RCK 2.3/Sounds/police/P2.wav using Guid(d1f6e459b159cd44f8be12f5e5ee359e) Importer(815301076,1909f56bfc062723c751e8b465ee728b)  -> (artifact id: 'ce051786b60f89f6ac1a9c3032418152') in 0.023604 seconds 
========================================================================
Received Import Request.
  Time since last request: 0.001002 seconds.
  path: Assets/RCK 2.3/Sounds/police/Manual Tone.wav
  artifactKey: Guid(622caa230cb2a734688755c2f987adc1) Importer(815301076,1909f56bfc062723c751e8b465ee728b)
Start importing Assets/RCK 2.3/Sounds/police/Manual Tone.wav using Guid(622caa230cb2a734688755c2f987adc1) Importer(815301076,1909f56bfc062723c751e8b465ee728b)  -> (artifact id: '1eb04b4fe3572e6d7e172f71470b56b9') in 0.227723 seconds 
========================================================================
Received Import Request.
  Time since last request: 0.000407 seconds.
  path: Assets/RCK 2.3/Sounds/HardCrash.mp3
  artifactKey: Guid(be6ac05b5ecb06e409a58f2a36f29726) Importer(815301076,1909f56bfc062723c751e8b465ee728b)
Start importing Assets/RCK 2.3/Sounds/HardCrash.mp3 using Guid(be6ac05b5ecb06e409a58f2a36f29726) Importer(815301076,1909f56bfc062723c751e8b465ee728b)  -> (artifact id: '314c9e090076180f6183fc72a341a51d') in 0.140892 seconds 
========================================================================
Received Import Request.
  Time since last request: 0.000581 seconds.
  path: Assets/RCK 2.3/Sounds/NewSounds/Car/Idle.wav
  artifactKey: Guid(7486a7520d201914fb1ba6bb3e5ebba2) Importer(815301076,1909f56bfc062723c751e8b465ee728b)
Start importing Assets/RCK 2.3/Sounds/NewSounds/Car/Idle.wav using Guid(7486a7520d201914fb1ba6bb3e5ebba2) Importer(815301076,1909f56bfc062723c751e8b465ee728b)  -> (artifact id: '1d3065fe04d1e6d851d199cf66a574da') in 0.047784 seconds 
========================================================================
Received Import Request.
  Time since last request: 216.270412 seconds.
  path: Assets/RCK 2.3/Sounds/police/P3.wav
  artifactKey: Guid(d0b726b388f4e164fb93549dca31edc9) Importer(815301076,1909f56bfc062723c751e8b465ee728b)
Start importing Assets/RCK 2.3/Sounds/police/P3.wav using Guid(d0b726b388f4e164fb93549dca31edc9) Importer(815301076,1909f56bfc062723c751e8b465ee728b)  -> (artifact id: '00d9bfc36f6105070a8382729135686f') in 1.167679 seconds 
========================================================================
Received Import Request.
  Time since last request: 0.001213 seconds.
  path: Assets/RCK 2.3/Sounds/SwitchGear2.WAV
  artifactKey: Guid(ad0b172a6e750c442aadabee2b0b1f31) Importer(815301076,1909f56bfc062723c751e8b465ee728b)
Start importing Assets/RCK 2.3/Sounds/SwitchGear2.WAV using Guid(ad0b172a6e750c442aadabee2b0b1f31) Importer(815301076,1909f56bfc062723c751e8b465ee728b)  -> (artifact id: '24168bede5b678fba790837c208153fb') in 0.214646 seconds 
========================================================================
Received Import Request.
  Time since last request: 0.000441 seconds.
  path: Assets/StarterAssets/ThirdPersonController/Character/Sfx/Player_Footstep_06.wav
  artifactKey: Guid(29841e7d5bbfb5b419c9ad16ca8bc4c1) Importer(815301076,1909f56bfc062723c751e8b465ee728b)
Start importing Assets/StarterAssets/ThirdPersonController/Character/Sfx/Player_Footstep_06.wav using Guid(29841e7d5bbfb5b419c9ad16ca8bc4c1) Importer(815301076,1909f56bfc062723c751e8b465ee728b)  -> (artifact id: 'fdec7b6078cd76e9bc8c3da9cd1403d5') in 0.219797 seconds 
========================================================================
Received Import Request.
  Time since last request: 0.000379 seconds.
  path: Assets/StarterAssets/ThirdPersonController/Character/Sfx/Player_Footstep_01.wav
  artifactKey: Guid(72f526a6a9890f643a88e85a61c86c8a) Importer(815301076,1909f56bfc062723c751e8b465ee728b)
Start importing Assets/StarterAssets/ThirdPersonController/Character/Sfx/Player_Footstep_01.wav using Guid(72f526a6a9890f643a88e85a61c86c8a) Importer(815301076,1909f56bfc062723c751e8b465ee728b)  -> (artifact id: 'b10dc7336b0c19752395db79f89a7bed') in 0.152732 seconds 
========================================================================
Received Import Request.
  Time since last request: 0.001306 seconds.
  path: Assets/RCK 2.3/Sounds/police/P4.wav
  artifactKey: Guid(16b38b774c5ebbc4cbf9a241e3876747) Importer(815301076,1909f56bfc062723c751e8b465ee728b)
Start importing Assets/RCK 2.3/Sounds/police/P4.wav using Guid(16b38b774c5ebbc4cbf9a241e3876747) Importer(815301076,1909f56bfc062723c751e8b465ee728b)  -> (artifact id: '85771193cfcfe494619f47e74e878e16') in 0.209140 seconds 
========================================================================
Received Import Request.
  Time since last request: 0.000426 seconds.
  path: Assets/StarterAssets/ThirdPersonController/Character/Sfx/Player_Footstep_08.wav
  artifactKey: Guid(67c8b33e424ccdc4486edf538ab91c5a) Importer(815301076,1909f56bfc062723c751e8b465ee728b)
Start importing Assets/StarterAssets/ThirdPersonController/Character/Sfx/Player_Footstep_08.wav using Guid(67c8b33e424ccdc4486edf538ab91c5a) Importer(815301076,1909f56bfc062723c751e8b465ee728b)  -> (artifact id: '25e8ef24519c87371d76dbdc50768c38') in 0.175070 seconds 
========================================================================
Received Import Request.
  Time since last request: 0.000363 seconds.
  path: Assets/StarterAssets/ThirdPersonController/Character/Sfx/Player_Footstep_02.wav
  artifactKey: Guid(85016e0f2b01da248b9663dd49a161b0) Importer(815301076,1909f56bfc062723c751e8b465ee728b)
Start importing Assets/StarterAssets/ThirdPersonController/Character/Sfx/Player_Footstep_02.wav using Guid(85016e0f2b01da248b9663dd49a161b0) Importer(815301076,1909f56bfc062723c751e8b465ee728b)  -> (artifact id: '038ab58fb06285733ef3ee5c1f76ebc0') in 0.304323 seconds 
========================================================================
Received Import Request.
  Time since last request: 0.000868 seconds.
  path: Assets/StarterAssets/ThirdPersonController/Character/Sfx/Player_Footstep_07.wav
  artifactKey: Guid(dd1af302b8902684d9381de1f2d3a5af) Importer(815301076,1909f56bfc062723c751e8b465ee728b)
Start importing Assets/StarterAssets/ThirdPersonController/Character/Sfx/Player_Footstep_07.wav using Guid(dd1af302b8902684d9381de1f2d3a5af) Importer(815301076,1909f56bfc062723c751e8b465ee728b)  -> (artifact id: 'effbe333a41c3af63835082eb8622042') in 0.372782 seconds 
========================================================================
Received Import Request.
  Time since last request: 0.000657 seconds.
  path: Assets/StarterAssets/ThirdPersonController/Character/Sfx/Player_Footstep_09.wav
  artifactKey: Guid(274649b0e221539409070ebf6c18918b) Importer(815301076,1909f56bfc062723c751e8b465ee728b)
Start importing Assets/StarterAssets/ThirdPersonController/Character/Sfx/Player_Footstep_09.wav using Guid(274649b0e221539409070ebf6c18918b) Importer(815301076,1909f56bfc062723c751e8b465ee728b)  -> (artifact id: '7824d9d9b22ed3f0aa9ffa94bd2548ae') in 0.176554 seconds 
========================================================================
Received Import Request.
  Time since last request: 0.000402 seconds.
  path: Assets/StarterAssets/ThirdPersonController/Character/Sfx/Player_Footstep_03.wav
  artifactKey: Guid(186de84b3207156479abe98f4958fed0) Importer(815301076,1909f56bfc062723c751e8b465ee728b)
Start importing Assets/StarterAssets/ThirdPersonController/Character/Sfx/Player_Footstep_03.wav using Guid(186de84b3207156479abe98f4958fed0) Importer(815301076,1909f56bfc062723c751e8b465ee728b)  -> (artifact id: '729d9b03f00753a2055b3633709bd734') in 0.217572 seconds 
========================================================================
Received Import Request.
  Time since last request: 0.000544 seconds.
  path: Assets/RCK 2.3/Sounds/TireSound.wav
  artifactKey: Guid(e74738166dc243747b9979b0cd3b6875) Importer(815301076,1909f56bfc062723c751e8b465ee728b)
Start importing Assets/RCK 2.3/Sounds/TireSound.wav using Guid(e74738166dc243747b9979b0cd3b6875) Importer(815301076,1909f56bfc062723c751e8b465ee728b)  -> (artifact id: '42f59cb49c56b775b01b7ee4c75116df') in 0.240933 seconds 
========================================================================
Received Import Request.
  Time since last request: 0.002099 seconds.
  path: Assets/StarterAssets/ThirdPersonController/Character/Sfx/Player_Land.wav
  artifactKey: Guid(ff697d3070687ce4583faa0561a145a2) Importer(815301076,1909f56bfc062723c751e8b465ee728b)
Start importing Assets/StarterAssets/ThirdPersonController/Character/Sfx/Player_Land.wav using Guid(ff697d3070687ce4583faa0561a145a2) Importer(815301076,1909f56bfc062723c751e8b465ee728b)  -> (artifact id: '7528a604252e021fec00c79bae905bbe') in 0.112413 seconds 
========================================================================
Received Import Request.
  Time since last request: 0.000481 seconds.
  path: Assets/StarterAssets/ThirdPersonController/Character/Sfx/Player_Footstep_04.wav
  artifactKey: Guid(1a91fcd19acf1e54bba0945d9f390849) Importer(815301076,1909f56bfc062723c751e8b465ee728b)
Start importing Assets/StarterAssets/ThirdPersonController/Character/Sfx/Player_Footstep_04.wav using Guid(1a91fcd19acf1e54bba0945d9f390849) Importer(815301076,1909f56bfc062723c751e8b465ee728b)  -> (artifact id: '8f05c1e2e385256139aa81fff39a39ad') in 0.474694 seconds 
========================================================================
Received Import Request.
  Time since last request: 0.000436 seconds.
  path: Assets/RCK 2.3/Sounds/SwitchGear1.wav
  artifactKey: Guid(b24c52ba6339d3b4d8aeacbaa9fdf37e) Importer(815301076,1909f56bfc062723c751e8b465ee728b)
Start importing Assets/RCK 2.3/Sounds/SwitchGear1.wav using Guid(b24c52ba6339d3b4d8aeacbaa9fdf37e) Importer(815301076,1909f56bfc062723c751e8b465ee728b)  -> (artifact id: '07a63756651f34bd1f54a7ab496c5deb') in 0.123677 seconds 
========================================================================
Received Import Request.
  Time since last request: 0.000409 seconds.
  path: Assets/StarterAssets/ThirdPersonController/Character/Sfx/Player_Footstep_10.wav
  artifactKey: Guid(a3194b8bbc96ef84fab1f98f4b7dae3e) Importer(815301076,1909f56bfc062723c751e8b465ee728b)
Start importing Assets/StarterAssets/ThirdPersonController/Character/Sfx/Player_Footstep_10.wav using Guid(a3194b8bbc96ef84fab1f98f4b7dae3e) Importer(815301076,1909f56bfc062723c751e8b465ee728b)  -> (artifact id: 'e753bb072357a9d4e83b618c65ca3cef') in 0.136406 seconds 
========================================================================
Received Import Request.
  Time since last request: 0.000494 seconds.
  path: Assets/StarterAssets/ThirdPersonController/Character/Sfx/Player_Footstep_05.wav
  artifactKey: Guid(14e8a8d2158bec840b56c54f5266e692) Importer(815301076,1909f56bfc062723c751e8b465ee728b)
Start importing Assets/StarterAssets/ThirdPersonController/Character/Sfx/Player_Footstep_05.wav using Guid(14e8a8d2158bec840b56c54f5266e692) Importer(815301076,1909f56bfc062723c751e8b465ee728b)  -> (artifact id: 'cbfb3c0a29c09e036e6eeaf4bee36666') in 0.057142 seconds 
========================================================================
Received Import Request.
  Time since last request: 0.000456 seconds.
  path: Assets/RCK 2.3/Sounds/police/Priority.wav
  artifactKey: Guid(ba236f33839cd884e8af8282c1ce8c04) Importer(815301076,1909f56bfc062723c751e8b465ee728b)
Start importing Assets/RCK 2.3/Sounds/police/Priority.wav using Guid(ba236f33839cd884e8af8282c1ce8c04) Importer(815301076,1909f56bfc062723c751e8b465ee728b)  -> (artifact id: 'd507f8e482b2660aaac7efba25713fd5') in 0.232806 seconds 
========================================================================
Received Prepare
Registering precompiled user dll's ...
Registered in 0.072834 seconds.
Begin MonoManager ReloadAssembly
Error: Could not load signature of iOSNotificationPostProcessor:ShouldAddSettingToPlist due to: Could not load file or assembly 'UnityEditor.iOS.Extensions.Xcode, Version=1.0.0.0, Culture=neutral, PublicKeyToken=null' or one of its dependencies. assembly:UnityEditor.iOS.Extensions.Xcode, Version=1.0.0.0, Culture=neutral, PublicKeyToken=null type:<unknown type> member:(null) signature:<none>
Unloading broken assembly Library/ScriptAssemblies/Unity.Notifications.dll, this assembly can cause crashes in the runtime
Native extension for WindowsStandalone target not found
Refreshing native plugins compatible for Editor in 5.66 ms, found 6 plugins.
Preloading 0 native plugins for Editor in 0.00 ms.
Mono: successfully reloaded assembly
- Completed reload, in 11.308 seconds
Domain Reload Profiling:
	ReloadAssembly (11336ms)
		BeginReloadAssembly (2529ms)
			ExecutionOrderSort (1ms)
			DisableScriptedObjects (172ms)
			BackupInstance (0ms)
			ReleaseScriptingObjects (3ms)
			CreateAndSetChildDomain (1129ms)
		EndReloadAssembly (8443ms)
			LoadAssemblies (1681ms)
			RebuildTransferFunctionScriptingTraits (3ms)
			SetupTypeCache (1388ms)
			ReleaseScriptCaches (5ms)
			RebuildScriptCaches (347ms)
			SetupLoadedEditorAssemblies (4994ms)
				LogAssemblyErrors (0ms)
				InitializePlatformSupportModulesInManaged (21ms)
				SetLoadedEditorAssemblies (4ms)
				RefreshPlugins (6ms)
				BeforeProcessingInitializeOnLoad (676ms)
				ProcessInitializeOnLoadAttributes (3442ms)
				ProcessInitializeOnLoadMethodAttributes (807ms)
				AfterProcessingInitializeOnLoad (35ms)
				EditorAssembliesLoaded (3ms)
			ExecutionOrderSort2 (0ms)
			AwakeInstancesAfterBackupRestoration (29ms)
Platform modules already initialized, skipping
Switching build target platform(19) subTarget(0) extendedPlatform(0) -> platform(9) subTarget(16777218) extendedPlatform(0)
Refreshing native plugins compatible for Editor in 5.75 ms, found 6 plugins.
Preloading 0 native plugins for Editor in 0.00 ms.
Unloading 2969 Unused Serialized files (Serialized files now loaded: 0)
System memory in use before: 165.4 MB.
System memory in use after: 164.5 MB.

Unloading 98 unused Assets to reduce memory usage. Loaded Objects now: 3498.
Total: 68.726900 ms (FindLiveObjects: 3.195300 ms CreateObjectMapping: 1.824300 ms MarkObjects: 61.152000 ms  DeleteObjects: 2.546700 ms)

AssetImportParameters requested are different than current active one (requested -> active):
  custom:framework-win-MediaFoundation: 216162199b28c13a410421893ffa2e32 -> 
  custom:video-decoder-ogg-theora: a1e56fd34408186e4bbccfd4996cb3dc -> 
  custom:container-muxer-webm: aa71ff27fc2769a1b78a27578f13a17b -> 
  custom:container-demuxer-webm: 4f35f7cbe854078d1ac9338744f61a02 -> 
  custom:container-demuxer-ogg: 62fdf1f143b41e24485cea50d1cbac27 -> 
  custom:video-encoder-webm-vp8: eb34c28f22e8b96e1ab97ce403110664 -> 
  custom:video-decoder-webm-vp8: 9c59270c3fd7afecdb556c50c9e8de78 -> 
  custom:graphics/normal-map-encoding: 01000000000000000000000000000000 -> 02000000000000000000000000000000
  custom:audio-decoder-ogg-vorbis: bf7c407c2cedff20999df2af8eb42d56 -> 
  custom:audio-encoder-webm-vorbis: bf7c407c2cedff20999df2af8eb42d56 -> 
========================================================================
Received Prepare
Registering precompiled user dll's ...
Registered in 0.286581 seconds.
Begin MonoManager ReloadAssembly
Error: Could not load signature of iOSNotificationPostProcessor:ShouldAddSettingToPlist due to: Could not load file or assembly 'UnityEditor.iOS.Extensions.Xcode, Version=1.0.0.0, Culture=neutral, PublicKeyToken=null' or one of its dependencies. assembly:UnityEditor.iOS.Extensions.Xcode, Version=1.0.0.0, Culture=neutral, PublicKeyToken=null type:<unknown type> member:(null) signature:<none>
Unloading broken assembly Library/ScriptAssemblies/Unity.Notifications.dll, this assembly can cause crashes in the runtime
Native extension for WindowsStandalone target not found
Refreshing native plugins compatible for Editor in 43.13 ms, found 6 plugins.
Preloading 0 native plugins for Editor in 0.00 ms.
Mono: successfully reloaded assembly
- Completed reload, in 12.477 seconds
Domain Reload Profiling:
	ReloadAssembly (12507ms)
		BeginReloadAssembly (4118ms)
			ExecutionOrderSort (0ms)
			DisableScriptedObjects (129ms)
			BackupInstance (0ms)
			ReleaseScriptingObjects (3ms)
			CreateAndSetChildDomain (2800ms)
		EndReloadAssembly (7974ms)
			LoadAssemblies (1347ms)
			RebuildTransferFunctionScriptingTraits (4ms)
			SetupTypeCache (1799ms)
			ReleaseScriptCaches (41ms)
			RebuildScriptCaches (133ms)
			SetupLoadedEditorAssemblies (4440ms)
				LogAssemblyErrors (0ms)
				InitializePlatformSupportModulesInManaged (62ms)
				SetLoadedEditorAssemblies (4ms)
				RefreshPlugins (44ms)
				BeforeProcessingInitializeOnLoad (1074ms)
				ProcessInitializeOnLoadAttributes (2002ms)
				ProcessInitializeOnLoadMethodAttributes (1227ms)
				AfterProcessingInitializeOnLoad (25ms)
				EditorAssembliesLoaded (3ms)
			ExecutionOrderSort2 (0ms)
			AwakeInstancesAfterBackupRestoration (54ms)
Platform modules already initialized, skipping
Switching build target platform(19) subTarget(0) extendedPlatform(0) -> platform(9) subTarget(16777218) extendedPlatform(0)
Refreshing native plugins compatible for Editor in 6.39 ms, found 6 plugins.
Preloading 0 native plugins for Editor in 0.00 ms.
Unloading 2969 Unused Serialized files (Serialized files now loaded: 0)
System memory in use before: 165.5 MB.
System memory in use after: 164.6 MB.

Unloading 98 unused Assets to reduce memory usage. Loaded Objects now: 3514.
Total: 72.680900 ms (FindLiveObjects: 2.919500 ms CreateObjectMapping: 1.449500 ms MarkObjects: 65.636000 ms  DeleteObjects: 2.669000 ms)

AssetImportParameters requested are different than current active one (requested -> active):
  custom:framework-win-MediaFoundation: 216162199b28c13a410421893ffa2e32 -> 
  custom:video-decoder-ogg-theora: a1e56fd34408186e4bbccfd4996cb3dc -> 
  custom:container-muxer-webm: aa71ff27fc2769a1b78a27578f13a17b -> 
  custom:container-demuxer-webm: 4f35f7cbe854078d1ac9338744f61a02 -> 
  custom:container-demuxer-ogg: 62fdf1f143b41e24485cea50d1cbac27 -> 
  custom:video-encoder-webm-vp8: eb34c28f22e8b96e1ab97ce403110664 -> 
  custom:video-decoder-webm-vp8: 9c59270c3fd7afecdb556c50c9e8de78 -> 
  custom:graphics/normal-map-encoding: 01000000000000000000000000000000 -> 02000000000000000000000000000000
  custom:audio-decoder-ogg-vorbis: bf7c407c2cedff20999df2af8eb42d56 -> 
  custom:audio-encoder-webm-vorbis: bf7c407c2cedff20999df2af8eb42d56 -> 
========================================================================
Received Prepare
Registering precompiled user dll's ...
Registered in 0.058004 seconds.
Begin MonoManager ReloadAssembly
Error: Could not load signature of iOSNotificationPostProcessor:ShouldAddSettingToPlist due to: Could not load file or assembly 'UnityEditor.iOS.Extensions.Xcode, Version=1.0.0.0, Culture=neutral, PublicKeyToken=null' or one of its dependencies. assembly:UnityEditor.iOS.Extensions.Xcode, Version=1.0.0.0, Culture=neutral, PublicKeyToken=null type:<unknown type> member:(null) signature:<none>
Unloading broken assembly Library/ScriptAssemblies/Unity.Notifications.dll, this assembly can cause crashes in the runtime
Native extension for WindowsStandalone target not found
Refreshing native plugins compatible for Editor in 21.73 ms, found 6 plugins.
Preloading 0 native plugins for Editor in 0.00 ms.
Mono: successfully reloaded assembly
- Completed reload, in 22.548 seconds
Domain Reload Profiling:
	ReloadAssembly (22602ms)
		BeginReloadAssembly (12887ms)
			ExecutionOrderSort (0ms)
			DisableScriptedObjects (4678ms)
			BackupInstance (0ms)
			ReleaseScriptingObjects (5ms)
			CreateAndSetChildDomain (4924ms)
		EndReloadAssembly (9477ms)
			LoadAssemblies (711ms)
			RebuildTransferFunctionScriptingTraits (0ms)
			SetupTypeCache (2750ms)
			ReleaseScriptCaches (8ms)
			RebuildScriptCaches (564ms)
			SetupLoadedEditorAssemblies (4911ms)
				LogAssemblyErrors (1ms)
				InitializePlatformSupportModulesInManaged (81ms)
				SetLoadedEditorAssemblies (24ms)
				RefreshPlugins (22ms)
				BeforeProcessingInitializeOnLoad (751ms)
				ProcessInitializeOnLoadAttributes (3568ms)
				ProcessInitializeOnLoadMethodAttributes (445ms)
				AfterProcessingInitializeOnLoad (19ms)
				EditorAssembliesLoaded (1ms)
			ExecutionOrderSort2 (0ms)
			AwakeInstancesAfterBackupRestoration (21ms)
Platform modules already initialized, skipping
Switching build target platform(19) subTarget(0) extendedPlatform(0) -> platform(9) subTarget(16777218) extendedPlatform(0)
Refreshing native plugins compatible for Editor in 240.52 ms, found 6 plugins.
Preloading 0 native plugins for Editor in 0.00 ms.
Unloading 2969 Unused Serialized files (Serialized files now loaded: 0)
System memory in use before: 165.5 MB.
System memory in use after: 164.6 MB.

Unloading 98 unused Assets to reduce memory usage. Loaded Objects now: 3530.
Total: 14278.354700 ms (FindLiveObjects: 24.776200 ms CreateObjectMapping: 4.124600 ms MarkObjects: 14208.974200 ms  DeleteObjects: 40.098900 ms)

AssetImportParameters requested are different than current active one (requested -> active):
  custom:framework-win-MediaFoundation: 216162199b28c13a410421893ffa2e32 -> 
  custom:video-decoder-ogg-theora: a1e56fd34408186e4bbccfd4996cb3dc -> 
  custom:container-muxer-webm: aa71ff27fc2769a1b78a27578f13a17b -> 
  custom:container-demuxer-webm: 4f35f7cbe854078d1ac9338744f61a02 -> 
  custom:container-demuxer-ogg: 62fdf1f143b41e24485cea50d1cbac27 -> 
  custom:video-encoder-webm-vp8: eb34c28f22e8b96e1ab97ce403110664 -> 
  custom:video-decoder-webm-vp8: 9c59270c3fd7afecdb556c50c9e8de78 -> 
  custom:graphics/normal-map-encoding: 01000000000000000000000000000000 -> 02000000000000000000000000000000
  custom:audio-decoder-ogg-vorbis: bf7c407c2cedff20999df2af8eb42d56 -> 
  custom:audio-encoder-webm-vorbis: bf7c407c2cedff20999df2af8eb42d56 -> 
========================================================================
Received Prepare
Registering precompiled user dll's ...
Registered in 0.056707 seconds.
Begin MonoManager ReloadAssembly
Error: Could not load signature of iOSNotificationPostProcessor:ShouldAddSettingToPlist due to: Could not load file or assembly 'UnityEditor.iOS.Extensions.Xcode, Version=1.0.0.0, Culture=neutral, PublicKeyToken=null' or one of its dependencies. assembly:UnityEditor.iOS.Extensions.Xcode, Version=1.0.0.0, Culture=neutral, PublicKeyToken=null type:<unknown type> member:(null) signature:<none>
Unloading broken assembly Library/ScriptAssemblies/Unity.Notifications.dll, this assembly can cause crashes in the runtime
Native extension for WindowsStandalone target not found
Refreshing native plugins compatible for Editor in 49.89 ms, found 6 plugins.
Preloading 0 native plugins for Editor in 0.00 ms.
Mono: successfully reloaded assembly
- Completed reload, in 34.194 seconds
Domain Reload Profiling:
	ReloadAssembly (34241ms)
		BeginReloadAssembly (12319ms)
			ExecutionOrderSort (0ms)
			DisableScriptedObjects (159ms)
			BackupInstance (0ms)
			ReleaseScriptingObjects (5ms)
			CreateAndSetChildDomain (6799ms)
		EndReloadAssembly (18233ms)
			LoadAssemblies (6924ms)
			RebuildTransferFunctionScriptingTraits (3ms)
			SetupTypeCache (4441ms)
			ReleaseScriptCaches (738ms)
			RebuildScriptCaches (492ms)
			SetupLoadedEditorAssemblies (8357ms)
				LogAssemblyErrors (0ms)
				InitializePlatformSupportModulesInManaged (33ms)
				SetLoadedEditorAssemblies (9ms)
				RefreshPlugins (50ms)
				BeforeProcessingInitializeOnLoad (538ms)
				ProcessInitializeOnLoadAttributes (5723ms)
				ProcessInitializeOnLoadMethodAttributes (1954ms)
				AfterProcessingInitializeOnLoad (45ms)
				EditorAssembliesLoaded (5ms)
			ExecutionOrderSort2 (0ms)
			AwakeInstancesAfterBackupRestoration (25ms)
Platform modules already initialized, skipping
Switching build target platform(19) subTarget(0) extendedPlatform(0) -> platform(9) subTarget(16777218) extendedPlatform(0)
Refreshing native plugins compatible for Editor in 11.42 ms, found 6 plugins.
Preloading 0 native plugins for Editor in 0.00 ms.
Unloading 2969 Unused Serialized files (Serialized files now loaded: 0)
System memory in use before: 165.5 MB.
System memory in use after: 164.7 MB.

Unloading 98 unused Assets to reduce memory usage. Loaded Objects now: 3546.
Total: 95.300100 ms (FindLiveObjects: 3.576900 ms CreateObjectMapping: 1.423200 ms MarkObjects: 78.355200 ms  DeleteObjects: 11.941600 ms)

AssetImportParameters requested are different than current active one (requested -> active):
  custom:framework-win-MediaFoundation: 216162199b28c13a410421893ffa2e32 -> 
  custom:video-decoder-ogg-theora: a1e56fd34408186e4bbccfd4996cb3dc -> 
  custom:container-muxer-webm: aa71ff27fc2769a1b78a27578f13a17b -> 
  custom:container-demuxer-webm: 4f35f7cbe854078d1ac9338744f61a02 -> 
  custom:container-demuxer-ogg: 62fdf1f143b41e24485cea50d1cbac27 -> 
  custom:video-encoder-webm-vp8: eb34c28f22e8b96e1ab97ce403110664 -> 
  custom:video-decoder-webm-vp8: 9c59270c3fd7afecdb556c50c9e8de78 -> 
  custom:graphics/normal-map-encoding: 01000000000000000000000000000000 -> 02000000000000000000000000000000
  custom:audio-decoder-ogg-vorbis: bf7c407c2cedff20999df2af8eb42d56 -> 
  custom:audio-encoder-webm-vorbis: bf7c407c2cedff20999df2af8eb42d56 -> 
========================================================================
Received Prepare
Registering precompiled user dll's ...
Registered in 0.092686 seconds.
Begin MonoManager ReloadAssembly
Error: Could not load signature of iOSNotificationPostProcessor:ShouldAddSettingToPlist due to: Could not load file or assembly 'UnityEditor.iOS.Extensions.Xcode, Version=1.0.0.0, Culture=neutral, PublicKeyToken=null' or one of its dependencies. assembly:UnityEditor.iOS.Extensions.Xcode, Version=1.0.0.0, Culture=neutral, PublicKeyToken=null type:<unknown type> member:(null) signature:<none>
Unloading broken assembly Library/ScriptAssemblies/Unity.Notifications.dll, this assembly can cause crashes in the runtime
Native extension for WindowsStandalone target not found
Refreshing native plugins compatible for Editor in 76.15 ms, found 6 plugins.
Preloading 0 native plugins for Editor in 0.00 ms.
Mono: successfully reloaded assembly
- Completed reload, in 19.143 seconds
Domain Reload Profiling:
	ReloadAssembly (19301ms)
		BeginReloadAssembly (4577ms)
			ExecutionOrderSort (0ms)
			DisableScriptedObjects (361ms)
			BackupInstance (0ms)
			ReleaseScriptingObjects (5ms)
			CreateAndSetChildDomain (2109ms)
		EndReloadAssembly (13689ms)
			LoadAssemblies (1373ms)
			RebuildTransferFunctionScriptingTraits (2ms)
			SetupTypeCache (2885ms)
			ReleaseScriptCaches (43ms)
			RebuildScriptCaches (747ms)
			SetupLoadedEditorAssemblies (7815ms)
				LogAssemblyErrors (0ms)
				InitializePlatformSupportModulesInManaged (177ms)
				SetLoadedEditorAssemblies (37ms)
				RefreshPlugins (76ms)
				BeforeProcessingInitializeOnLoad (476ms)
				ProcessInitializeOnLoadAttributes (5864ms)
				ProcessInitializeOnLoadMethodAttributes (1151ms)
				AfterProcessingInitializeOnLoad (30ms)
				EditorAssembliesLoaded (2ms)
			ExecutionOrderSort2 (0ms)
			AwakeInstancesAfterBackupRestoration (31ms)
Platform modules already initialized, skipping
Switching build target platform(19) subTarget(0) extendedPlatform(0) -> platform(9) subTarget(16777218) extendedPlatform(0)
Refreshing native plugins compatible for Editor in 20.28 ms, found 6 plugins.
Preloading 0 native plugins for Editor in 0.00 ms.
Unloading 2969 Unused Serialized files (Serialized files now loaded: 0)
System memory in use before: 165.5 MB.
System memory in use after: 164.7 MB.

Unloading 98 unused Assets to reduce memory usage. Loaded Objects now: 3562.
Total: 1799.208000 ms (FindLiveObjects: 19.527100 ms CreateObjectMapping: 1.126200 ms MarkObjects: 1769.684900 ms  DeleteObjects: 8.861300 ms)

AssetImportParameters requested are different than current active one (requested -> active):
  custom:framework-win-MediaFoundation: 216162199b28c13a410421893ffa2e32 -> 
  custom:video-decoder-ogg-theora: a1e56fd34408186e4bbccfd4996cb3dc -> 
  custom:container-muxer-webm: aa71ff27fc2769a1b78a27578f13a17b -> 
  custom:container-demuxer-webm: 4f35f7cbe854078d1ac9338744f61a02 -> 
  custom:container-demuxer-ogg: 62fdf1f143b41e24485cea50d1cbac27 -> 
  custom:video-encoder-webm-vp8: eb34c28f22e8b96e1ab97ce403110664 -> 
  custom:video-decoder-webm-vp8: 9c59270c3fd7afecdb556c50c9e8de78 -> 
  custom:graphics/normal-map-encoding: 01000000000000000000000000000000 -> 02000000000000000000000000000000
  custom:audio-decoder-ogg-vorbis: bf7c407c2cedff20999df2af8eb42d56 -> 
  custom:audio-encoder-webm-vorbis: bf7c407c2cedff20999df2af8eb42d56 -> 
========================================================================
Received Prepare
Registering precompiled user dll's ...
Registered in 0.107741 seconds.
Begin MonoManager ReloadAssembly
Error: Could not load signature of iOSNotificationPostProcessor:ShouldAddSettingToPlist due to: Could not load file or assembly 'UnityEditor.iOS.Extensions.Xcode, Version=1.0.0.0, Culture=neutral, PublicKeyToken=null' or one of its dependencies. assembly:UnityEditor.iOS.Extensions.Xcode, Version=1.0.0.0, Culture=neutral, PublicKeyToken=null type:<unknown type> member:(null) signature:<none>
Unloading broken assembly Library/ScriptAssemblies/Unity.Notifications.dll, this assembly can cause crashes in the runtime
Native extension for WindowsStandalone target not found
Refreshing native plugins compatible for Editor in 6.03 ms, found 6 plugins.
Preloading 0 native plugins for Editor in 0.00 ms.
Mono: successfully reloaded assembly
- Completed reload, in 26.253 seconds
Domain Reload Profiling:
	ReloadAssembly (26379ms)
		BeginReloadAssembly (4613ms)
			ExecutionOrderSort (0ms)
			DisableScriptedObjects (294ms)
			BackupInstance (0ms)
			ReleaseScriptingObjects (4ms)
			CreateAndSetChildDomain (2305ms)
		EndReloadAssembly (21318ms)
			LoadAssemblies (3719ms)
			RebuildTransferFunctionScriptingTraits (3ms)
			SetupTypeCache (8256ms)
			ReleaseScriptCaches (10ms)
			RebuildScriptCaches (474ms)
			SetupLoadedEditorAssemblies (5212ms)
				LogAssemblyErrors (0ms)
				InitializePlatformSupportModulesInManaged (37ms)
				SetLoadedEditorAssemblies (10ms)
				RefreshPlugins (6ms)
				BeforeProcessingInitializeOnLoad (697ms)
				ProcessInitializeOnLoadAttributes (3658ms)
				ProcessInitializeOnLoadMethodAttributes (759ms)
				AfterProcessingInitializeOnLoad (43ms)
				EditorAssembliesLoaded (2ms)
			ExecutionOrderSort2 (0ms)
			AwakeInstancesAfterBackupRestoration (30ms)
Platform modules already initialized, skipping
Switching build target platform(19) subTarget(0) extendedPlatform(0) -> platform(9) subTarget(16777218) extendedPlatform(0)
Refreshing native plugins compatible for Editor in 32.89 ms, found 6 plugins.
Preloading 0 native plugins for Editor in 0.00 ms.
Unloading 2969 Unused Serialized files (Serialized files now loaded: 0)
System memory in use before: 165.6 MB.
System memory in use after: 164.7 MB.

Unloading 98 unused Assets to reduce memory usage. Loaded Objects now: 3578.
Total: 26.821800 ms (FindLiveObjects: 1.423800 ms CreateObjectMapping: 0.897600 ms MarkObjects: 22.355700 ms  DeleteObjects: 2.141200 ms)

AssetImportParameters requested are different than current active one (requested -> active):
  custom:framework-win-MediaFoundation: 216162199b28c13a410421893ffa2e32 -> 
  custom:video-decoder-ogg-theora: a1e56fd34408186e4bbccfd4996cb3dc -> 
  custom:container-muxer-webm: aa71ff27fc2769a1b78a27578f13a17b -> 
  custom:container-demuxer-webm: 4f35f7cbe854078d1ac9338744f61a02 -> 
  custom:container-demuxer-ogg: 62fdf1f143b41e24485cea50d1cbac27 -> 
  custom:video-encoder-webm-vp8: eb34c28f22e8b96e1ab97ce403110664 -> 
  custom:video-decoder-webm-vp8: 9c59270c3fd7afecdb556c50c9e8de78 -> 
  custom:graphics/normal-map-encoding: 01000000000000000000000000000000 -> 02000000000000000000000000000000
  custom:audio-decoder-ogg-vorbis: bf7c407c2cedff20999df2af8eb42d56 -> 
  custom:audio-encoder-webm-vorbis: bf7c407c2cedff20999df2af8eb42d56 -> 
========================================================================
Received Prepare
Registering precompiled user dll's ...
Registered in 0.164360 seconds.
Begin MonoManager ReloadAssembly
Error: Could not load signature of iOSNotificationPostProcessor:ShouldAddSettingToPlist due to: Could not load file or assembly 'UnityEditor.iOS.Extensions.Xcode, Version=1.0.0.0, Culture=neutral, PublicKeyToken=null' or one of its dependencies. assembly:UnityEditor.iOS.Extensions.Xcode, Version=1.0.0.0, Culture=neutral, PublicKeyToken=null type:<unknown type> member:(null) signature:<none>
Unloading broken assembly Library/ScriptAssemblies/Unity.Notifications.dll, this assembly can cause crashes in the runtime
Native extension for WindowsStandalone target not found
Refreshing native plugins compatible for Editor in 41.90 ms, found 6 plugins.
Preloading 0 native plugins for Editor in 0.00 ms.
Mono: successfully reloaded assembly
- Completed reload, in 14.722 seconds
Domain Reload Profiling:
	ReloadAssembly (14773ms)
		BeginReloadAssembly (5435ms)
			ExecutionOrderSort (1ms)
			DisableScriptedObjects (355ms)
			BackupInstance (0ms)
			ReleaseScriptingObjects (4ms)
			CreateAndSetChildDomain (3834ms)
		EndReloadAssembly (8767ms)
			LoadAssemblies (961ms)
			RebuildTransferFunctionScriptingTraits (2ms)
			SetupTypeCache (2259ms)
			ReleaseScriptCaches (103ms)
			RebuildScriptCaches (257ms)
			SetupLoadedEditorAssemblies (4399ms)
				LogAssemblyErrors (0ms)
				InitializePlatformSupportModulesInManaged (72ms)
				SetLoadedEditorAssemblies (6ms)
				RefreshPlugins (42ms)
				BeforeProcessingInitializeOnLoad (375ms)
				ProcessInitializeOnLoadAttributes (3132ms)
				ProcessInitializeOnLoadMethodAttributes (746ms)
				AfterProcessingInitializeOnLoad (22ms)
				EditorAssembliesLoaded (3ms)
			ExecutionOrderSort2 (0ms)
			AwakeInstancesAfterBackupRestoration (26ms)
Platform modules already initialized, skipping
Switching build target platform(19) subTarget(0) extendedPlatform(0) -> platform(9) subTarget(16777218) extendedPlatform(0)
Refreshing native plugins compatible for Editor in 11.13 ms, found 6 plugins.
Preloading 0 native plugins for Editor in 0.00 ms.
Unloading 2969 Unused Serialized files (Serialized files now loaded: 0)
System memory in use before: 165.6 MB.
System memory in use after: 164.7 MB.

Unloading 98 unused Assets to reduce memory usage. Loaded Objects now: 3594.
Total: 310.104700 ms (FindLiveObjects: 5.377600 ms CreateObjectMapping: 1.874000 ms MarkObjects: 298.051300 ms  DeleteObjects: 4.793700 ms)

AssetImportParameters requested are different than current active one (requested -> active):
  custom:framework-win-MediaFoundation: 216162199b28c13a410421893ffa2e32 -> 
  custom:video-decoder-ogg-theora: a1e56fd34408186e4bbccfd4996cb3dc -> 
  custom:container-muxer-webm: aa71ff27fc2769a1b78a27578f13a17b -> 
  custom:container-demuxer-webm: 4f35f7cbe854078d1ac9338744f61a02 -> 
  custom:container-demuxer-ogg: 62fdf1f143b41e24485cea50d1cbac27 -> 
  custom:video-encoder-webm-vp8: eb34c28f22e8b96e1ab97ce403110664 -> 
  custom:video-decoder-webm-vp8: 9c59270c3fd7afecdb556c50c9e8de78 -> 
  custom:graphics/normal-map-encoding: 01000000000000000000000000000000 -> 02000000000000000000000000000000
  custom:audio-decoder-ogg-vorbis: bf7c407c2cedff20999df2af8eb42d56 -> 
  custom:audio-encoder-webm-vorbis: bf7c407c2cedff20999df2af8eb42d56 -> 
AssetImportWorkerClient::OnTransportError - code=2 error=End of file
