Using pre-set license
Built from '2020.3/staging' branch; Version is '2020.3.30f1 (1fb1bf06830e) revision 2077119'; Using compiler version '192528614'; Build Type 'Release'
OS: 'Windows 10  (10.0.19043) 64bit Core' Language: 'it' Physical Memory: 3974 MB
BatchMode: 1, IsHumanControllingUs: 0, StartBugReporterOnCrash: 0, Is64bit: 1, IsPro: 0

COMMAND LINE ARGUMENTS:
C:\Program Files\Unity\Hub\Editor\2020.3.30f1\Editor\Unity.exe
-adb2
-batchMode
-noUpm
-name
AssetImportWorker15
-projectPath
C:/Users/39388/OneDrive/Desktop/progettofinale/Car_simulator
-logFile
Logs/AssetImportWorker15.log
-srvPort
53852
Successfully changed project path to: C:/Users/39388/OneDrive/Desktop/progettofinale/Car_simulator
C:/Users/39388/OneDrive/Desktop/progettofinale/Car_simulator
Using Asset Import Pipeline V2.
Refreshing native plugins compatible for Editor in 394.95 ms, found 4 plugins.
Preloading 0 native plugins for Editor in 0.00 ms.
Initialize engine version: 2020.3.30f1 (1fb1bf06830e)
[Subsystems] Discovering subsystems at path C:/Program Files/Unity/Hub/Editor/2020.3.30f1/Editor/Data/Resources/UnitySubsystems
[Subsystems] Discovering subsystems at path C:/Users/39388/OneDrive/Desktop/progettofinale/Car_simulator/Assets
GfxDevice: creating device client; threaded=0
Direct3D:
    Version:  Direct3D 11.0 [level 11.1]
    Renderer: Intel(R) HD Graphics 610 (ID=0x5906)
    Vendor:   
    VRAM:     1987 MB
    Driver:   26.20.100.7372
Initialize mono
Mono path[0] = 'C:/Program Files/Unity/Hub/Editor/2020.3.30f1/Editor/Data/Managed'
Mono path[1] = 'C:/Program Files/Unity/Hub/Editor/2020.3.30f1/Editor/Data/MonoBleedingEdge/lib/mono/unityjit'
Mono config path = 'C:/Program Files/Unity/Hub/Editor/2020.3.30f1/Editor/Data/MonoBleedingEdge/etc'
Using monoOptions --debugger-agent=transport=dt_socket,embedding=1,server=y,suspend=n,address=127.0.0.1:56496
Begin MonoManager ReloadAssembly
Registering precompiled unity dll's ...
Register platform support module: C:/Program Files/Unity/Hub/Editor/2020.3.30f1/Editor/Data/PlaybackEngines/WindowsStandaloneSupport/UnityEditor.WindowsStandalone.Extensions.dll
Registered in 0.006997 seconds.
Native extension for WindowsStandalone target not found
Refreshing native plugins compatible for Editor in 234.11 ms, found 4 plugins.
Preloading 0 native plugins for Editor in 0.00 ms.
Mono: successfully reloaded assembly
- Completed reload, in  1.703 seconds
Domain Reload Profiling:
	ReloadAssembly (1703ms)
		BeginReloadAssembly (263ms)
			ExecutionOrderSort (0ms)
			DisableScriptedObjects (0ms)
			BackupInstance (0ms)
			ReleaseScriptingObjects (0ms)
			CreateAndSetChildDomain (2ms)
		EndReloadAssembly (1264ms)
			LoadAssemblies (255ms)
			RebuildTransferFunctionScriptingTraits (0ms)
			SetupTypeCache (327ms)
			ReleaseScriptCaches (0ms)
			RebuildScriptCaches (75ms)
			SetupLoadedEditorAssemblies (533ms)
				LogAssemblyErrors (0ms)
				InitializePlatformSupportModulesInManaged (10ms)
				SetLoadedEditorAssemblies (0ms)
				RefreshPlugins (234ms)
				BeforeProcessingInitializeOnLoad (38ms)
				ProcessInitializeOnLoadAttributes (185ms)
				ProcessInitializeOnLoadMethodAttributes (65ms)
				AfterProcessingInitializeOnLoad (0ms)
				EditorAssembliesLoaded (0ms)
			ExecutionOrderSort2 (0ms)
			AwakeInstancesAfterBackupRestoration (0ms)
Platform modules already initialized, skipping
Registering precompiled user dll's ...
Registered in 0.054260 seconds.
Begin MonoManager ReloadAssembly
Error: Could not load signature of Universal.UniversalSDK.Editor.PlistUpdating:SetupURLScheme due to: Could not load file or assembly 'UnityEditor.iOS.Extensions.Xcode, Version=1.0.0.0, Culture=neutral, PublicKeyToken=null' or one of its dependencies. assembly:UnityEditor.iOS.Extensions.Xcode, Version=1.0.0.0, Culture=neutral, PublicKeyToken=null type:<unknown type> member:(null) signature:<none>
Unloading broken assembly Library/ScriptAssemblies/Assembly-CSharp-Editor.dll, this assembly can cause crashes in the runtime
Native extension for WindowsStandalone target not found
Refreshing native plugins compatible for Editor in 2179.01 ms, found 4 plugins.
Preloading 0 native plugins for Editor in 0.00 ms.
Mono: successfully reloaded assembly
- Completed reload, in 15.225 seconds
Domain Reload Profiling:
	ReloadAssembly (15230ms)
		BeginReloadAssembly (584ms)
			ExecutionOrderSort (0ms)
			DisableScriptedObjects (40ms)
			BackupInstance (0ms)
			ReleaseScriptingObjects (0ms)
			CreateAndSetChildDomain (67ms)
		EndReloadAssembly (14494ms)
			LoadAssemblies (413ms)
			RebuildTransferFunctionScriptingTraits (0ms)
			SetupTypeCache (1393ms)
			ReleaseScriptCaches (1ms)
			RebuildScriptCaches (185ms)
			SetupLoadedEditorAssemblies (10888ms)
				LogAssemblyErrors (2ms)
				InitializePlatformSupportModulesInManaged (856ms)
				SetLoadedEditorAssemblies (6ms)
				RefreshPlugins (2205ms)
				BeforeProcessingInitializeOnLoad (3012ms)
				ProcessInitializeOnLoadAttributes (4479ms)
				ProcessInitializeOnLoadMethodAttributes (308ms)
				AfterProcessingInitializeOnLoad (20ms)
				EditorAssembliesLoaded (1ms)
			ExecutionOrderSort2 (0ms)
			AwakeInstancesAfterBackupRestoration (74ms)
Platform modules already initialized, skipping
========================================================================
Worker process is ready to serve import requests
Launched and connected shader compiler UnityShaderCompiler.exe after 0.41 seconds
Refreshing native plugins compatible for Editor in 6.94 ms, found 4 plugins.
Preloading 0 native plugins for Editor in 0.00 ms.
Unloading 2416 Unused Serialized files (Serialized files now loaded: 0)
System memory in use before: 160.0 MB.
System memory in use after: 158.8 MB.

Unloading 53 unused Assets to reduce memory usage. Loaded Objects now: 2887.
Total: 48.896400 ms (FindLiveObjects: 2.960700 ms CreateObjectMapping: 0.304000 ms MarkObjects: 42.997600 ms  DeleteObjects: 2.619900 ms)

AssetImportParameters requested are different than current active one (requested -> active):
  custom:framework-win-MediaFoundation: 216162199b28c13a410421893ffa2e32 -> 
  custom:video-decoder-ogg-theora: a1e56fd34408186e4bbccfd4996cb3dc -> 
  custom:container-muxer-webm: aa71ff27fc2769a1b78a27578f13a17b -> 
  custom:container-demuxer-webm: 4f35f7cbe854078d1ac9338744f61a02 -> 
  custom:container-demuxer-ogg: 62fdf1f143b41e24485cea50d1cbac27 -> 
  custom:video-encoder-webm-vp8: eb34c28f22e8b96e1ab97ce403110664 -> 
  custom:video-decoder-webm-vp8: 9c59270c3fd7afecdb556c50c9e8de78 -> 
  custom:audio-decoder-ogg-vorbis: bf7c407c2cedff20999df2af8eb42d56 -> 
  custom:audio-encoder-webm-vorbis: bf7c407c2cedff20999df2af8eb42d56 -> 
========================================================================
Received Import Request.
  path: Assets/_TerrainAutoUpgrade/layer_GroundStones01GroundStones01_N2023054508611406.terrainlayer
  artifactKey: Guid(9951d5b734a228143ac1dda0d42c879b) Importer(815301076,1909f56bfc062723c751e8b465ee728b)
Start importing Assets/_TerrainAutoUpgrade/layer_GroundStones01GroundStones01_N2023054508611406.terrainlayer using Guid(9951d5b734a228143ac1dda0d42c879b) Importer(815301076,1909f56bfc062723c751e8b465ee728b)  -> (artifact id: 'c5b11cb73e74c56597b1bb883656768c') in 14.147668 seconds 
========================================================================
Received Import Request.
  Time since last request: 0.057510 seconds.
  path: Assets/LowpolyStreetPack/Prefabs/Roads/Bridges/QuickBuilds
  artifactKey: Guid(af64a91517a7ad6449eb6fa0f49f2ca9) Importer(815301076,1909f56bfc062723c751e8b465ee728b)
Start importing Assets/LowpolyStreetPack/Prefabs/Roads/Bridges/QuickBuilds using Guid(af64a91517a7ad6449eb6fa0f49f2ca9) Importer(815301076,1909f56bfc062723c751e8b465ee728b)  -> (artifact id: '8fe6fc61c4684b838bb204fe73575065') in 0.024548 seconds 
========================================================================
Received Import Request.
  Time since last request: 0.153747 seconds.
  path: Assets/ChamferBox Assets/CB Discobolus Statue/Prefabs
  artifactKey: Guid(e43237a05cb85bd4fba00a909bbe6c82) Importer(815301076,1909f56bfc062723c751e8b465ee728b)
Start importing Assets/ChamferBox Assets/CB Discobolus Statue/Prefabs using Guid(e43237a05cb85bd4fba00a909bbe6c82) Importer(815301076,1909f56bfc062723c751e8b465ee728b)  -> (artifact id: 'bc51d25724f3a5d4fce6fc4d14d58e59') in 0.039158 seconds 
========================================================================
Received Import Request.
  Time since last request: 0.000884 seconds.
  path: Assets/ChamferBox Assets/CB Discobolus Statue
  artifactKey: Guid(d4ade2a3e8bf3c44b99cfbe065fde48d) Importer(815301076,1909f56bfc062723c751e8b465ee728b)
Start importing Assets/ChamferBox Assets/CB Discobolus Statue using Guid(d4ade2a3e8bf3c44b99cfbe065fde48d) Importer(815301076,1909f56bfc062723c751e8b465ee728b)  -> (artifact id: '1dd7a7da9692acf4d0f34cbea9469e27') in 0.102037 seconds 
========================================================================
Received Import Request.
  Time since last request: 0.000945 seconds.
  path: Assets/KajamansRoads/Free
  artifactKey: Guid(d87f82d568bd0c046b56315a8719cc5d) Importer(815301076,1909f56bfc062723c751e8b465ee728b)
Start importing Assets/KajamansRoads/Free using Guid(d87f82d568bd0c046b56315a8719cc5d) Importer(815301076,1909f56bfc062723c751e8b465ee728b)  -> (artifact id: '4f8c361ad7e5bfb78f579d442720a7ba') in 0.111567 seconds 
========================================================================
Received Import Request.
  Time since last request: 0.001101 seconds.
  path: Assets/KajamansRoads/Free/Obj
  artifactKey: Guid(cb6e46b479d089d4cb4644e1b920442d) Importer(815301076,1909f56bfc062723c751e8b465ee728b)
Start importing Assets/KajamansRoads/Free/Obj using Guid(cb6e46b479d089d4cb4644e1b920442d) Importer(815301076,1909f56bfc062723c751e8b465ee728b)  -> (artifact id: '95130bb29459d01f054096114c22c39a') in 0.060980 seconds 
========================================================================
Received Import Request.
  Time since last request: 0.000914 seconds.
  path: Assets/ModularLowpolyStreetsFree/Scenes
  artifactKey: Guid(25b753af47108784b90594d99216ba76) Importer(815301076,1909f56bfc062723c751e8b465ee728b)
Start importing Assets/ModularLowpolyStreetsFree/Scenes using Guid(25b753af47108784b90594d99216ba76) Importer(815301076,1909f56bfc062723c751e8b465ee728b)  -> (artifact id: 'fc97e8c2534882e154f6d4b2378861bd') in 0.033031 seconds 
========================================================================
Received Import Request.
  Time since last request: 0.000468 seconds.
  path: Assets/Simple city plain/Prefabs
  artifactKey: Guid(22612dc53f46e254cb87435f2f6ba8d4) Importer(815301076,1909f56bfc062723c751e8b465ee728b)
Start importing Assets/Simple city plain/Prefabs using Guid(22612dc53f46e254cb87435f2f6ba8d4) Importer(815301076,1909f56bfc062723c751e8b465ee728b)  -> (artifact id: '1ff35d36269932a0cb547fb62dda892c') in 0.069456 seconds 
========================================================================
Received Import Request.
  Time since last request: 0.007413 seconds.
  path: Assets/ModularLowpolyStreetsFree/Prefabs/Other
  artifactKey: Guid(de3aec76e45a11445b540edf84c7daba) Importer(815301076,1909f56bfc062723c751e8b465ee728b)
Start importing Assets/ModularLowpolyStreetsFree/Prefabs/Other using Guid(de3aec76e45a11445b540edf84c7daba) Importer(815301076,1909f56bfc062723c751e8b465ee728b)  -> (artifact id: '66c016c536534a192921542e48878090') in 1.101412 seconds 
========================================================================
Received Import Request.
  Time since last request: 0.004320 seconds.
  path: Assets/LowpolyStreetPack/Prefabs
  artifactKey: Guid(6f34b275db3ad4940808cf0bbdd05be1) Importer(815301076,1909f56bfc062723c751e8b465ee728b)
Start importing Assets/LowpolyStreetPack/Prefabs using Guid(6f34b275db3ad4940808cf0bbdd05be1) Importer(815301076,1909f56bfc062723c751e8b465ee728b)  -> (artifact id: '2d25824aa6eef74d2b78ebc79a4a3fe9') in 1.031364 seconds 
========================================================================
Received Import Request.
  Time since last request: 0.004460 seconds.
  path: Assets/TerrainTexturesPackFree/TerrainTextures/GroundStones01_N.png
  artifactKey: Guid(63312008529ed1d4bab4d57c204bae7a) Importer(815301076,1909f56bfc062723c751e8b465ee728b)
Start importing Assets/TerrainTexturesPackFree/TerrainTextures/GroundStones01_N.png using Guid(63312008529ed1d4bab4d57c204bae7a) Importer(815301076,1909f56bfc062723c751e8b465ee728b)  -> (artifact id: '9e4465d304c03c405c015c192f1088e2') in 15.696500 seconds 
========================================================================
Received Import Request.
  Time since last request: 0.011363 seconds.
  path: Assets/ModularLowpolyStreetsFree/Prefabs
  artifactKey: Guid(bb39cdf77f585e64cbc9a2a23021a88a) Importer(815301076,1909f56bfc062723c751e8b465ee728b)
Start importing Assets/ModularLowpolyStreetsFree/Prefabs using Guid(bb39cdf77f585e64cbc9a2a23021a88a) Importer(815301076,1909f56bfc062723c751e8b465ee728b)  -> (artifact id: 'f87eeb6e6c2362fe8a8af83e4858cedb') in 0.083908 seconds 
========================================================================
Received Import Request.
  Time since last request: 0.085480 seconds.
  path: Assets/LowpolyStreetPack/Prefabs/Roads/Bridges
  artifactKey: Guid(a312fc05776be1346857a47444c0d7c6) Importer(815301076,1909f56bfc062723c751e8b465ee728b)
Start importing Assets/LowpolyStreetPack/Prefabs/Roads/Bridges using Guid(a312fc05776be1346857a47444c0d7c6) Importer(815301076,1909f56bfc062723c751e8b465ee728b)  -> (artifact id: '974ab0500c7b9f0a00df55a2bbc27f99') in 0.035879 seconds 
========================================================================
Received Import Request.
  Time since last request: 0.000950 seconds.
  path: Assets/LowpolyStreetPack/Prefabs/Roads
  artifactKey: Guid(16be587a0cffc974183cba7d6bb1f3eb) Importer(815301076,1909f56bfc062723c751e8b465ee728b)
Start importing Assets/LowpolyStreetPack/Prefabs/Roads using Guid(16be587a0cffc974183cba7d6bb1f3eb) Importer(815301076,1909f56bfc062723c751e8b465ee728b)  -> (artifact id: 'd8ee61a3d88a0056f86f12a8223d829f') in 0.014417 seconds 
========================================================================
Received Import Request.
  Time since last request: 1265.601535 seconds.
  path: Assets/StreetLightsPack/Models
  artifactKey: Guid(c5d6cedfa03cf5d46b28c288fabba9a0) Importer(815301076,1909f56bfc062723c751e8b465ee728b)
Start importing Assets/StreetLightsPack/Models using Guid(c5d6cedfa03cf5d46b28c288fabba9a0) Importer(815301076,1909f56bfc062723c751e8b465ee728b)  -> (artifact id: 'f66e27f286f997ea042bdd6dfefb3897') in 0.059727 seconds 
========================================================================
Received Import Request.
  Time since last request: 1.068992 seconds.
  path: Assets/StreetLightsPack/Models/StreetLights1
  artifactKey: Guid(ec70da8392cd22840a2cc31ac077cb91) Importer(815301076,1909f56bfc062723c751e8b465ee728b)
Start importing Assets/StreetLightsPack/Models/StreetLights1 using Guid(ec70da8392cd22840a2cc31ac077cb91) Importer(815301076,1909f56bfc062723c751e8b465ee728b)  -> (artifact id: '10d05f60279d69fa47d876e3e0ede0dc') in 0.056290 seconds 
========================================================================
Received Import Request.
  Time since last request: 1.895071 seconds.
  path: Assets/StreetLightsPack/Models/StreetLights1/Textures
  artifactKey: Guid(5cddb995f1da28442abb403d4d1bf4fe) Importer(815301076,1909f56bfc062723c751e8b465ee728b)
Start importing Assets/StreetLightsPack/Models/StreetLights1/Textures using Guid(5cddb995f1da28442abb403d4d1bf4fe) Importer(815301076,1909f56bfc062723c751e8b465ee728b)  -> (artifact id: '1a42ea519911de9f86270423a88cba69') in 0.019959 seconds 
